0 info it worked if it ends with ok
1 verbose cli [ '/usr/local/bin/node',
1 verbose cli   '/usr/local/bin/npm',
1 verbose cli   'install',
1 verbose cli   'ModelProxy' ]
2 info using npm@2.14.20
3 info using node@v4.4.0
4 verbose install initial load of /Users/ty/Documents/wbPro/mySiteTa02/mySiteTa02/package.json
5 warn package.json tarot@1.0.0 No README data
6 verbose installManyTop reading scoped package data from /Users/ty/Documents/wbPro/mySiteTa02/mySiteTa02/node_modules/ejs/package.json
7 verbose installManyTop reading scoped package data from /Users/ty/Documents/wbPro/mySiteTa02/mySiteTa02/node_modules/express/package.json
8 verbose installManyTop reading scoped package data from /Users/ty/Documents/wbPro/mySiteTa02/mySiteTa02/node_modules/gulp/package.json
9 verbose installManyTop reading scoped package data from /Users/ty/Documents/wbPro/mySiteTa02/mySiteTa02/node_modules/gulp-concat/package.json
10 verbose installManyTop reading scoped package data from /Users/ty/Documents/wbPro/mySiteTa02/mySiteTa02/node_modules/gulp-minify-css/package.json
11 verbose installManyTop reading scoped package data from /Users/ty/Documents/wbPro/mySiteTa02/mySiteTa02/node_modules/gulp-sass/package.json
12 verbose installManyTop reading scoped package data from /Users/ty/Documents/wbPro/mySiteTa02/mySiteTa02/node_modules/gulp-uglify/package.json
13 verbose installManyTop reading scoped package data from /Users/ty/Documents/wbPro/mySiteTa02/mySiteTa02/node_modules/jade/package.json
14 verbose installManyTop reading scoped package data from /Users/ty/Documents/wbPro/mySiteTa02/mySiteTa02/node_modules/log4js/package.json
15 verbose installManyTop reading scoped package data from /Users/ty/Documents/wbPro/mySiteTa02/mySiteTa02/node_modules/mysql/package.json
16 verbose installManyTop reading scoped package data from /Users/ty/Documents/wbPro/mySiteTa02/mySiteTa02/node_modules/nodemailer/package.json
17 verbose installManyTop reading scoped package data from /Users/ty/Documents/wbPro/mySiteTa02/mySiteTa02/node_modules/qiniu/package.json
18 verbose installManyTop reading scoped package data from /Users/ty/Documents/wbPro/mySiteTa02/mySiteTa02/node_modules/xoauth2/package.json
19 info package.json mysql@2.0.0-alpha9 No license field.
20 verbose readDependencies loading dependencies from /Users/ty/Documents/wbPro/mySiteTa02/mySiteTa02/package.json
21 silly cache add args [ 'ModelProxy', null ]
22 verbose cache add spec ModelProxy
23 silly cache add parsed spec Result {
23 silly cache add   raw: 'ModelProxy',
23 silly cache add   scope: null,
23 silly cache add   name: 'ModelProxy',
23 silly cache add   rawSpec: '',
23 silly cache add   spec: 'latest',
23 silly cache add   type: 'tag' }
24 silly addNamed ModelProxy@latest
25 verbose addNamed "latest" is being treated as a dist-tag for ModelProxy
26 info addNameTag [ 'ModelProxy', 'latest' ]
27 silly mapToRegistry name ModelProxy
28 silly mapToRegistry using default registry
29 silly mapToRegistry registry https://registry.npmjs.org/
30 silly mapToRegistry uri https://registry.npmjs.org/ModelProxy
31 verbose addNameTag registry:https://registry.npmjs.org/ModelProxy not in flight; fetching
32 verbose request uri https://registry.npmjs.org/ModelProxy
33 verbose request no auth needed
34 info attempt registry request try #1 at 5:35:21 PM
35 verbose request id 19e4f65243e0311c
36 http request GET https://registry.npmjs.org/ModelProxy
37 http 404 https://registry.npmjs.org/ModelProxy
38 verbose headers { 'content-type': 'application/json',
38 verbose headers   'cache-control': 'max-age=0',
38 verbose headers   'content-length': '2',
38 verbose headers   'accept-ranges': 'bytes',
38 verbose headers   date: 'Tue, 06 Sep 2016 09:35:29 GMT',
38 verbose headers   via: '1.1 varnish',
38 verbose headers   age: '0',
38 verbose headers   connection: 'keep-alive',
38 verbose headers   'x-served-by': 'cache-sea1923-SEA',
38 verbose headers   'x-cache': 'MISS',
38 verbose headers   'x-cache-hits': '0',
38 verbose headers   'x-timer': 'S1473154529.629152,VS0,VE330',
38 verbose headers   vary: 'Accept-Encoding' }
39 silly get cb [ 404,
39 silly get   { 'content-type': 'application/json',
39 silly get     'cache-control': 'max-age=0',
39 silly get     'content-length': '2',
39 silly get     'accept-ranges': 'bytes',
39 silly get     date: 'Tue, 06 Sep 2016 09:35:29 GMT',
39 silly get     via: '1.1 varnish',
39 silly get     age: '0',
39 silly get     connection: 'keep-alive',
39 silly get     'x-served-by': 'cache-sea1923-SEA',
39 silly get     'x-cache': 'MISS',
39 silly get     'x-cache-hits': '0',
39 silly get     'x-timer': 'S1473154529.629152,VS0,VE330',
39 silly get     vary: 'Accept-Encoding' } ]
40 verbose stack Error: Registry returned 404 for GET on https://registry.npmjs.org/ModelProxy
40 verbose stack     at makeError (/usr/local/lib/node_modules/npm/node_modules/npm-registry-client/lib/request.js:264:12)
40 verbose stack     at CachingRegistryClient.<anonymous> (/usr/local/lib/node_modules/npm/node_modules/npm-registry-client/lib/request.js:242:14)
40 verbose stack     at Request._callback (/usr/local/lib/node_modules/npm/node_modules/npm-registry-client/lib/request.js:172:14)
40 verbose stack     at Request.self.callback (/usr/local/lib/node_modules/npm/node_modules/request/request.js:199:22)
40 verbose stack     at emitTwo (events.js:87:13)
40 verbose stack     at Request.emit (events.js:172:7)
40 verbose stack     at Request.<anonymous> (/usr/local/lib/node_modules/npm/node_modules/request/request.js:1036:10)
40 verbose stack     at emitOne (events.js:82:20)
40 verbose stack     at Request.emit (events.js:169:7)
40 verbose stack     at IncomingMessage.<anonymous> (/usr/local/lib/node_modules/npm/node_modules/request/request.js:963:12)
41 verbose statusCode 404
42 verbose pkgid ModelProxy
43 verbose cwd /Users/ty/Documents/wbPro/mySiteTa02/mySiteTa02
44 error Darwin 15.5.0
45 error argv "/usr/local/bin/node" "/usr/local/bin/npm" "install" "ModelProxy"
46 error node v4.4.0
47 error npm  v2.14.20
48 error code E404
49 error 404 Registry returned 404 for GET on https://registry.npmjs.org/ModelProxy
49 error 404
49 error 404 'ModelProxy' is not in the npm registry.
49 error 404 Your package name is not valid, because
49 error 404
49 error 404  1. name can no longer contain capital letters
49 error 404 It was specified as a dependency of 'tarot'
49 error 404
49 error 404 Note that you can also install from a
49 error 404 tarball, folder, http url, or git url.
50 verbose exit [ 1, true ]
